<?xml version="1.0" encoding="UTF-8"?>
<testng-results ignored="0" total="2" passed="2" failed="0" skipped="0">
  <reporter-output>
  </reporter-output>
  <suite started-at="2024-11-07T08:03:22 GMT" name="Surefire suite" finished-at="2024-11-07T08:03:39 GMT" duration-ms="17060">
    <groups>
      <group name="cucumber">
        <method signature="AbstractTestNGCucumberTests.runScenario(io.cucumber.testng.PickleWrapper,io.cucumber.testng.FeatureWrapper)[pri:0, instance:runner.TestRunner@57cf54e1]" name="runScenario" class="io.cucumber.testng.AbstractTestNGCucumberTests"/>
      </group> <!-- cucumber -->
    </groups>
    <test started-at="2024-11-07T08:03:22 GMT" name="Surefire test" finished-at="2024-11-07T08:03:39 GMT" duration-ms="17060">
      <class name="runner.TestRunner">
        <test-method is-config="true" signature="setUpClass(org.testng.ITestContext)[pri:0, instance:runner.TestRunner@57cf54e1]" started-at="2024-11-07T08:03:22 GMT" name="setUpClass" finished-at="2024-11-07T08:03:23 GMT" duration-ms="907" status="PASS">
          <params>
            <param index="0">
              <value>
                <![CDATA[org.testng.TestRunner@5e1fc2aa]]>
              </value>
            </param>
          </params>
          <reporter-output>
          </reporter-output>
        </test-method> <!-- setUpClass -->
        <test-method signature="runScenario(io.cucumber.testng.PickleWrapper,io.cucumber.testng.FeatureWrapper)[pri:0, instance:runner.TestRunner@57cf54e1]" started-at="2024-11-07T08:03:23 GMT" name="runScenario" description="Runs Cucumber Scenarios" data-provider="scenarios" finished-at="2024-11-07T08:03:39 GMT" duration-ms="15573" status="PASS">
          <params>
            <param index="0">
              <value>
                <![CDATA["Search product match for both home page and offer page"]]>
              </value>
            </param>
            <param index="1">
              <value>
                <![CDATA["serach and place the order for products"]]>
              </value>
            </param>
          </params>
          <reporter-output>
          </reporter-output>
        </test-method> <!-- runScenario -->
        <test-method signature="runScenario(io.cucumber.testng.PickleWrapper,io.cucumber.testng.FeatureWrapper)[pri:0, instance:runner.TestRunner@57cf54e1]" started-at="2024-11-07T08:03:23 GMT" name="runScenario" description="Runs Cucumber Scenarios" data-provider="scenarios" finished-at="2024-11-07T08:03:38 GMT" duration-ms="15165" status="PASS">
          <params>
            <param index="0">
              <value>
                <![CDATA["Search product match for both home page and offer page"]]>
              </value>
            </param>
            <param index="1">
              <value>
                <![CDATA["serach and place the order for products"]]>
              </value>
            </param>
          </params>
          <reporter-output>
          </reporter-output>
        </test-method> <!-- runScenario -->
        <test-method is-config="true" signature="tearDownClass()[pri:0, instance:runner.TestRunner@57cf54e1]" started-at="2024-11-07T08:03:39 GMT" name="tearDownClass" finished-at="2024-11-07T08:03:39 GMT" duration-ms="531" status="PASS">
          <reporter-output>
          </reporter-output>
        </test-method> <!-- tearDownClass -->
      </class> <!-- runner.TestRunner -->
    </test> <!-- Surefire test -->
  </suite> <!-- Surefire suite -->
</testng-results>
